<?xml version="1.0" encoding="UTF-8" ?>
<testsuites disabled="0" errors="0" failures="1" tests="1" time="9.735">
 <testsuite name="Protractor_Demo_App" timestamp="2020-08-21T18:36:10" hostname="localhost" time="9.735" errors="0" tests="1" skipped="0" disabled="0" failures="1">
  <testcase classname="Protractor_Demo_App" name="addition_Test_With_Pob" time="9.729">
   <failure type="toEqual" message="Expected 1 to equal &apos;1&apos;."><![CDATA[Error: Failed expectation
    at homepage.verifyResult (/usr/local/lib/node_modules/protractor/example/pageObjects/pageObjectMethodTwo.js:24:29)
    at UserContext.<anonymous> (/usr/local/lib/node_modules/protractor/example/testCases/testcase006_AnotherPom.js:10:14)
    at /usr/local/lib/node_modules/protractor/node_modules/jasminewd2/index.js:112:25
    at new ManagedPromise (/usr/local/lib/node_modules/protractor/node_modules/selenium-webdriver/lib/promise.js:1077:7)
    at ControlFlow.promise (/usr/local/lib/node_modules/protractor/node_modules/selenium-webdriver/lib/promise.js:2505:12)
    at schedulerExecute (/usr/local/lib/node_modules/protractor/node_modules/jasminewd2/index.js:95:18)
    at TaskQueue.execute_ (/usr/local/lib/node_modules/protractor/node_modules/selenium-webdriver/lib/promise.js:3084:14)
    at TaskQueue.executeNext_ (/usr/local/lib/node_modules/protractor/node_modules/selenium-webdriver/lib/promise.js:3067:27)
    at /usr/local/lib/node_modules/protractor/node_modules/selenium-webdriver/lib/promise.js:2927:27]]>
   </failure>
  </testcase>
 </testsuite>
</testsuites>